<?xml version="1.0" encoding="UTF-8"?>
<!-- Generated by org.testng.reporters.JUnitReportReporter -->
<testsuite hostname="Alonas-MacBook-Air.local" failures="0" tests="5" name="tests.UnitedTests" time="66.138" errors="0" timestamp="2022-06-10T16:46:08 CDT" skipped="0">
  <testcase classname="tests.UnitedTests" name="testNavigationItems" time="8.013"/>
  <system-out/>
  <testcase classname="tests.UnitedTests" name="validateBookTravelNavigationItems" time="11.318"/>
  <system-out/>
  <testcase classname="tests.UnitedTests" name="testAndValidateRadioButtons" time="13.286"/>
  <system-out/>
  <testcase classname="tests.UnitedTests" name="validateCheckBoxes" time="12.454"/>
  <system-out/>
  <testcase classname="tests.UnitedTests" name="validateDeparture" time="21.067"/>
  <system-out/>
</testsuite> <!-- tests.UnitedTests -->
